#
# There is insufficient memory for the Java Runtime Environment to continue.
# Native memory allocation (malloc) failed to allocate 1510256 bytes for Chunk::new
# Possible reasons:
#   The system is out of physical RAM or swap space
#   In 32 bit mode, the process size limit was hit
# Possible solutions:
#   Reduce memory load on the system
#   Increase physical memory or swap space
#   Check if swap backing store is full
#   Use 64 bit Java on a 64 bit OS
#   Decrease Java heap size (-Xmx/-Xms)
#   Decrease number of Java threads
#   Decrease Java thread stack sizes (-Xss)
#   Set larger code cache with -XX:ReservedCodeCacheSize=
# This output file may be truncated or incomplete.
#
#  Out of Memory Error (allocation.cpp:390), pid=8892, tid=6064
#
# JRE version: Java(TM) SE Runtime Environment (8.0_60-b27) (build 1.8.0_60-b27)
# Java VM: Java HotSpot(TM) 64-Bit Server VM (25.60-b23 mixed mode windows-amd64 compressed oops)
# Failed to write core dump. Minidumps are not enabled by default on client versions of Windows
#

---------------  T H R E A D  ---------------

Current thread (0x0000000015d91000):  JavaThread "C2 CompilerThread0" daemon [_thread_in_native, id=6064, stack(0x0000000017510000,0x0000000017610000)]

Stack: [0x0000000017510000,0x0000000017610000]
[error occurred during error reporting (printing stack bounds), id 0xc0000005]

Native frames: (J=compiled Java code, j=interpreted, Vv=VM code, C=native code)


Current CompileTask:
C2:   3133  447 %     4       com.sun.tools.javac.file.ZipFileIndex$ZipDirectory::readEntry @ 215 (587 bytes)


---------------  P R O C E S S  ---------------

Java Threads: ( => current thread )
  0x0000000015de3000 JavaThread "Service Thread" daemon [_thread_blocked, id=9400, stack(0x0000000017810000,0x0000000017910000)]
  0x0000000015d98800 JavaThread "C1 CompilerThread2" daemon [_thread_in_native, id=14948, stack(0x0000000017710000,0x0000000017810000)]
  0x0000000015d94800 JavaThread "C2 CompilerThread1" daemon [_thread_in_native, id=13624, stack(0x0000000017610000,0x0000000017710000)]
=>0x0000000015d91000 JavaThread "C2 CompilerThread0" daemon [_thread_in_native, id=6064, stack(0x0000000017510000,0x0000000017610000)]
  0x0000000015d8c000 JavaThread "Attach Listener" daemon [_thread_blocked, id=6208, stack(0x0000000017410000,0x0000000017510000)]
  0x0000000015d8b000 JavaThread "Signal Dispatcher" daemon [_thread_blocked, id=5660, stack(0x0000000017310000,0x0000000017410000)]
  0x00000000024f8000 JavaThread "Finalizer" daemon [_thread_blocked, id=5504, stack(0x0000000016fe0000,0x00000000170e0000)]
  0x0000000015d59000 JavaThread "Reference Handler" daemon [_thread_blocked, id=8720, stack(0x0000000016ee0000,0x0000000016fe0000)]
  0x0000000002402800 JavaThread "main" [_thread_in_Java, id=12252, stack(0x0000000002300000,0x0000000002400000)]

Other Threads:
  0x0000000015d57000 VMThread [stack: 0x0000000016de0000,0x0000000016ee0000] [id=8684]
  0x0000000015dee800 WatcherThread [stack: 0x0000000017d10000,0x0000000017e10000] [id=7304]

VM state:not at safepoint (normal execution)

VM Mutex/Monitor currently owned by a thread: None

Heap:
 PSYoungGen      total 13824K, used 4108K [0x00000000e0900000, 0x00000000e1b00000, 0x0000000100000000)
  eden space 10752K, 9% used [0x00000000e0900000,0x00000000e0a09fb0,0x00000000e1380000)
  from space 3072K, 99% used [0x00000000e1700000,0x00000000e19f9258,0x00000000e1a00000)
  to   space 3584K, 0% used [0x00000000e1380000,0x00000000e1380000,0x00000000e1700000)
 ParOldGen       total 5632K, used 3329K [0x00000000a1a00000, 0x00000000a1f80000, 0x00000000e0900000)
  object space 5632K, 59% used [0x00000000a1a00000,0x00000000a1d404c8,0x00000000a1f80000)
 Metaspace       used 7495K, capacity 8372K, committed 8704K, reserved 1056768K
  class space    used 907K, capacity 944K, committed 1024K, reserved 1048576K

Card table byte_map: [0x00000000118c0000,0x0000000011bc0000] byte_map_base: 0x00000000113b3000

Marking Bits: (ParMarkBitMap*) 0x0000000056b4a5b0
 Begin Bits: [0x00000000121c0000, 0x0000000013958000)
 End Bits:   [0x0000000013958000, 0x00000000150f0000)

Polling page: 0x0000000002160000

CodeCache: size=245760Kb used=2471Kb max_used=2471Kb free=243288Kb
 bounds [0x0000000002500000, 0x0000000002770000, 0x0000000011500000]
 total_blobs=834 nmethods=547 adapters=200
 compilation: enabled

Compilation events (10 events):
Event: 3.129 Thread 0x0000000015d94800 nmethod 540 0x0000000002769b10 code [0x0000000002769c60, 0x0000000002769eb8]
Event: 3.129 Thread 0x0000000015d94800  541       4       java.lang.String::replace (127 bytes)
Event: 3.129 Thread 0x0000000015d98800 nmethod 544 0x00000000027686d0 code [0x0000000002768880, 0x0000000002768de8]
Event: 3.130 Thread 0x0000000015d98800  552       3       com.sun.tools.javac.file.BaseFileObject::removeExtension (23 bytes)
Event: 3.130 Thread 0x0000000015d98800 nmethod 552 0x0000000002767e90 code [0x0000000002768020, 0x00000000027684b8]
Event: 3.130 Thread 0x0000000015d98800  545       3       com.sun.tools.javac.file.ZipFileIndexArchive$ZipFileIndexFileObject::getKind (11 bytes)
Event: 3.131 Thread 0x0000000015d98800 nmethod 545 0x0000000002766590 code [0x00000000027667c0, 0x0000000002767558]
Event: 3.131 Thread 0x0000000015d98800  546       3       com.sun.tools.javac.file.BaseFileObject::getKind (5 bytes)
Event: 3.131 Thread 0x0000000015d98800 nmethod 546 0x0000000002766150 code [0x00000000027662c0, 0x0000000002766428]
Event: 3.131 Thread 0x0000000015d98800  547       3       com.sun.tools.javac.file.Locations$BootClassPathLocationHandler::lazy (19 bytes)

GC Heap History (10 events):
Event: 1.994 GC heap before
{Heap before GC invocations=4 (full 0):
 PSYoungGen      total 2048K, used 2032K [0x00000000e0900000, 0x00000000e0d00000, 0x0000000100000000)
  eden space 1536K, 100% used [0x00000000e0900000,0x00000000e0a80000,0x00000000e0a80000)
  from space 512K, 96% used [0x00000000e0a80000,0x00000000e0afc010,0x00000000e0b00000)
  to   space 512K, 0% used [0x00000000e0c80000,0x00000000e0c80000,0x00000000e0d00000)
 ParOldGen       total 5632K, used 512K [0x00000000a1a00000, 0x00000000a1f80000, 0x00000000e0900000)
  object space 5632K, 9% used [0x00000000a1a00000,0x00000000a1a80020,0x00000000a1f80000)
 Metaspace       used 5111K, capacity 6348K, committed 6656K, reserved 1056768K
  class space    used 618K, capacity 648K, committed 768K, reserved 1048576K
Event: 1.995 GC heap after
Heap after GC invocations=4 (full 0):
 PSYoungGen      total 3584K, used 512K [0x00000000e0900000, 0x00000000e0d00000, 0x0000000100000000)
  eden space 3072K, 0% used [0x00000000e0900000,0x00000000e0900000,0x00000000e0c00000)
  from space 512K, 100% used [0x00000000e0c80000,0x00000000e0d00000,0x00000000e0d00000)
  to   space 512K, 0% used [0x00000000e0c00000,0x00000000e0c00000,0x00000000e0c80000)
 ParOldGen       total 5632K, used 540K [0x00000000a1a00000, 0x00000000a1f80000, 0x00000000e0900000)
  object space 5632K, 9% used [0x00000000a1a00000,0x00000000a1a87030,0x00000000a1f80000)
 Metaspace       used 5111K, capacity 6348K, committed 6656K, reserved 1056768K
  class space    used 618K, capacity 648K, committed 768K, reserved 1048576K
}
Event: 2.200 GC heap before
{Heap before GC invocations=5 (full 0):
 PSYoungGen      total 3584K, used 3584K [0x00000000e0900000, 0x00000000e0d00000, 0x0000000100000000)
  eden space 3072K, 100% used [0x00000000e0900000,0x00000000e0c00000,0x00000000e0c00000)
  from space 512K, 100% used [0x00000000e0c80000,0x00000000e0d00000,0x00000000e0d00000)
  to   space 512K, 0% used [0x00000000e0c00000,0x00000000e0c00000,0x00000000e0c80000)
 ParOldGen       total 5632K, used 540K [0x00000000a1a00000, 0x00000000a1f80000, 0x00000000e0900000)
  object space 5632K, 9% used [0x00000000a1a00000,0x00000000a1a87030,0x00000000a1f80000)
 Metaspace       used 6189K, capacity 7404K, committed 7552K, reserved 1056768K
  class space    used 772K, capacity 808K, committed 896K, reserved 1048576K
Event: 2.203 GC heap after
Heap after GC invocations=5 (full 0):
 PSYoungGen      total 3584K, used 480K [0x00000000e0900000, 0x00000000e1100000, 0x0000000100000000)
  eden space 3072K, 0% used [0x00000000e0900000,0x00000000e0900000,0x00000000e0c00000)
  from space 512K, 93% used [0x00000000e0c00000,0x00000000e0c78020,0x00000000e0c80000)
  to   space 1024K, 0% used [0x00000000e1000000,0x00000000e1000000,0x00000000e1100000)
 ParOldGen       total 5632K, used 933K [0x00000000a1a00000, 0x00000000a1f80000, 0x00000000e0900000)
  object space 5632K, 16% used [0x00000000a1a00000,0x00000000a1ae9540,0x00000000a1f80000)
 Metaspace       used 6189K, capacity 7404K, committed 7552K, reserved 1056768K
  class space    used 772K, capacity 808K, committed 896K, reserved 1048576K
}
Event: 2.883 GC heap before
{Heap before GC invocations=6 (full 0):
 PSYoungGen      total 3584K, used 3299K [0x00000000e0900000, 0x00000000e1100000, 0x0000000100000000)
  eden space 3072K, 91% used [0x00000000e0900000,0x00000000e0bc0f20,0x00000000e0c00000)
  from space 512K, 93% used [0x00000000e0c00000,0x00000000e0c78020,0x00000000e0c80000)
  to   space 1024K, 0% used [0x00000000e1000000,0x00000000e1000000,0x00000000e1100000)
 ParOldGen       total 5632K, used 933K [0x00000000a1a00000, 0x00000000a1f80000, 0x00000000e0900000)
  object space 5632K, 16% used [0x00000000a1a00000,0x00000000a1ae9540,0x00000000a1f80000)
 Metaspace       used 7252K, capacity 8180K, committed 8448K, reserved 1056768K
  class space    used 888K, capacity 944K, committed 1024K, reserved 1048576K
Event: 2.888 GC heap after
Heap after GC invocations=6 (full 0):
 PSYoungGen      total 6656K, used 1008K [0x00000000e0900000, 0x00000000e1200000, 0x0000000100000000)
  eden space 5632K, 0% used [0x00000000e0900000,0x00000000e0900000,0x00000000e0e80000)
  from space 1024K, 98% used [0x00000000e1000000,0x00000000e10fc010,0x00000000e1100000)
  to   space 1536K, 0% used [0x00000000e0e80000,0x00000000e0e80000,0x00000000e1000000)
 ParOldGen       total 5632K, used 1132K [0x00000000a1a00000, 0x00000000a1f80000, 0x00000000e0900000)
  object space 5632K, 20% used [0x00000000a1a00000,0x00000000a1b1b180,0x00000000a1f80000)
 Metaspace       used 7252K, capacity 8180K, committed 8448K, reserved 1056768K
  class space    used 888K, capacity 944K, committed 1024K, reserved 1048576K
}
Event: 3.003 GC heap before
{Heap before GC invocations=7 (full 0):
 PSYoungGen      total 6656K, used 6201K [0x00000000e0900000, 0x00000000e1200000, 0x0000000100000000)
  eden space 5632K, 92% used [0x00000000e0900000,0x00000000e0e12560,0x00000000e0e80000)
  from space 1024K, 98% used [0x00000000e1000000,0x00000000e10fc010,0x00000000e1100000)
  to   space 1536K, 0% used [0x00000000e0e80000,0x00000000e0e80000,0x00000000e1000000)
 ParOldGen       total 5632K, used 1132K [0x00000000a1a00000, 0x00000000a1f80000, 0x00000000e0900000)
  object space 5632K, 20% used [0x00000000a1a00000,0x00000000a1b1b180,0x00000000a1f80000)
 Metaspace       used 7270K, capacity 8180K, committed 8448K, reserved 1056768K
  class space    used 889K, capacity 944K, committed 1024K, reserved 1048576K
Event: 3.009 GC heap after
Heap after GC invocations=7 (full 0):
 PSYoungGen      total 7168K, used 1527K [0x00000000e0900000, 0x00000000e1a00000, 0x0000000100000000)
  eden space 5632K, 0% used [0x00000000e0900000,0x00000000e0900000,0x00000000e0e80000)
  from space 1536K, 99% used [0x00000000e0e80000,0x00000000e0ffddd8,0x00000000e1000000)
  to   space 3072K, 0% used [0x00000000e1700000,0x00000000e1700000,0x00000000e1a00000)
 ParOldGen       total 5632K, used 3233K [0x00000000a1a00000, 0x00000000a1f80000, 0x00000000e0900000)
  object space 5632K, 57% used [0x00000000a1a00000,0x00000000a1d284c8,0x00000000a1f80000)
 Metaspace       used 7270K, capacity 8180K, committed 8448K, reserved 1056768K
  class space    used 889K, capacity 944K, committed 1024K, reserved 1048576K
}
Event: 3.117 GC heap before
{Heap before GC invocations=8 (full 0):
 PSYoungGen      total 7168K, used 7159K [0x00000000e0900000, 0x00000000e1a00000, 0x0000000100000000)
  eden space 5632K, 100% used [0x00000000e0900000,0x00000000e0e80000,0x00000000e0e80000)
  from space 1536K, 99% used [0x00000000e0e80000,0x00000000e0ffddd8,0x00000000e1000000)
  to   space 3072K, 0% used [0x00000000e1700000,0x00000000e1700000,0x00000000e1a00000)
 ParOldGen       total 5632K, used 3233K [0x00000000a1a00000, 0x00000000a1f80000, 0x00000000e0900000)
  object space 5632K, 57% used [0x00000000a1a00000,0x00000000a1d284c8,0x00000000a1f80000)
 Metaspace       used 7473K, capacity 8308K, committed 8448K, reserved 1056768K
  class space    used 907K, capacity 944K, committed 1024K, reserved 1048576K
Event: 3.122 GC heap after
Heap after GC invocations=8 (full 0):
 PSYoungGen      total 13824K, used 3044K [0x00000000e0900000, 0x00000000e1b00000, 0x0000000100000000)
  eden space 10752K, 0% used [0x00000000e0900000,0x00000000e0900000,0x00000000e1380000)
  from space 3072K, 99% used [0x00000000e1700000,0x00000000e19f9258,0x00000000e1a00000)
  to   space 3584K, 0% used [0x00000000e1380000,0x00000000e1380000,0x00000000e1700000)
 ParOldGen       total 5632K, used 3329K [0x00000000a1a00000, 0x00000000a1f80000, 0x00000000e0900000)
  object space 5632K, 59% used [0x00000000a1a00000,0x00000000a1d404c8,0x00000000a1f80000)
 Metaspace       used 7473K, capacity 8308K, committed 8448K, reserved 1056768K
  class space    used 907K, capacity 944K, committed 1024K, reserved 1048576K
}

Deoptimization events (3 events):
Event: 2.374 Thread 0x0000000002402800 Uncommon trap: reason=unstable_if action=reinterpret pc=0x0000000002674b84 method=java.lang.String.replace(CC)Ljava/lang/String; @ 26
Event: 2.470 Thread 0x0000000002402800 Uncommon trap: reason=unstable_if action=reinterpret pc=0x00000000026c36e8 method=java.lang.String.<init>([CII)V @ 18
Event: 3.128 Thread 0x0000000002402800 Uncommon trap: reason=unstable_if action=reinterpret pc=0x00000000027514f0 method=com.sun.tools.javac.util.Name$Table.equals([BI[BII)Z @ 22

Internal exceptions (10 events):
Event: 0.669 Thread 0x0000000002402800 Exception <a 'java/lang/NoSuchMethodError': Method sun.misc.Unsafe.defineClass(Ljava/lang/String;[BII)Ljava/lang/Class; name or signature does not match> (0x00000000e0915df8) thrown at [C:\re\workspace\8-2-build-windows-amd64-cygwin\jdk8u60\4407\hotspot\sriÉú›hÂ?
Event: 0.669 Thread 0x0000000002402800 Exception <a 'java/lang/NoSuchMethodError': Method sun.misc.Unsafe.prefetchRead(Ljava/lang/Object;J)V name or signature does not match> (0x00000000e09160e0) thrown at [C:\re\workspace\8-2-build-windows-amd64-cygwin\jdk8u60\4407\hotspot\src\share\vm\prims\jùè˝ÜK˜?
Event: 1.441 Thread 0x0000000002402800 Exception <a 'java/security/PrivilegedActionException'> (0x00000000e0a6d3f8) thrown at [C:\re\workspace\8-2-build-windows-amd64-cygwin\jdk8u60\4407\hotspot\src\share\vm\prims\jvm.cpp, line 1386]
Event: 1.441 Thread 0x0000000002402800 Exception <a 'java/security/PrivilegedActionException'> (0x00000000e0a6d7f0) thrown at [C:\re\workspace\8-2-build-windows-amd64-cygwin\jdk8u60\4407\hotspot\src\share\vm\prims\jvm.cpp, line 1386]
Event: 1.442 Thread 0x0000000002402800 Exception <a 'java/security/PrivilegedActionException'> (0x00000000e0a71820) thrown at [C:\re\workspace\8-2-build-windows-amd64-cygwin\jdk8u60\4407\hotspot\src\share\vm\prims\jvm.cpp, line 1386]
Event: 1.442 Thread 0x0000000002402800 Exception <a 'java/security/PrivilegedActionException'> (0x00000000e0a71c18) thrown at [C:\re\workspace\8-2-build-windows-amd64-cygwin\jdk8u60\4407\hotspot\src\share\vm\prims\jvm.cpp, line 1386]
Event: 1.489 Thread 0x0000000002402800 Exception <a 'java/security/PrivilegedActionException'> (0x00000000e090b1b8) thrown at [C:\re\workspace\8-2-build-windows-amd64-cygwin\jdk8u60\4407\hotspot\src\share\vm\prims\jvm.cpp, line 1386]
Event: 1.489 Thread 0x0000000002402800 Exception <a 'java/security/PrivilegedActionException'> (0x00000000e090b5b0) thrown at [C:\re\workspace\8-2-build-windows-amd64-cygwin\jdk8u60\4407\hotspot\src\share\vm\prims\jvm.cpp, line 1386]
Event: 2.935 Thread 0x0000000002402800 Exception <a 'java/io/FileNotFoundException'> (0x00000000e0d2acb0) thrown at [C:\re\workspace\8-2-build-windows-amd64-cygwin\jdk8u60\4407\hotspot\src\share\vm\prims\jni.cpp, line 709]
Event: 2.997 Thread 0x0000000002402800 Exception <a 'java/io/FileNotFoundException'> (0x00000000e0d5e3d8) thrown at [C:\re\workspace\8-2-build-windows-amd64-cygwin\jdk8u60\4407\hotspot\src\share\vm\prims\jni.cpp, line 709]

Events (10 events):
Event: 3.105 loading class com/sun/tools/javac/comp/MemberEnter$6 done
Event: 3.106 loading class com/sun/tools/javac/code/TypeAnnotations$1
Event: 3.106 loading class com/sun/tools/javac/code/TypeAnnotations$1 done
Event: 3.106 loading class com/sun/tools/javac/code/TypeAnnotations$2
Event: 3.106 loading class com/sun/tools/javac/code/TypeAnnotations$2 done
Event: 3.117 Executing VM operation: ParallelGCFailedAllocation
Event: 3.122 Executing VM operation: ParallelGCFailedAllocation done
Event: 3.128 Thread 0x0000000002402800 Uncommon trap: trap_request=0xffffff65 fr.pc=0x00000000027514f0
Event: 3.128 Thread 0x0000000002402800 DEOPT PACKING pc=0x00000000027514f0 sp=0x00000000023fe3d0
Event: 3.128 Thread 0x0000000002402800 DEOPT UNPACKING pc=0x000000000254582a sp=0x00000000023fe350 mode 2


Dynamic libraries:
0x00007ff7a4650000 - 0x00007ff7a4657000 	C:\Program Files\Java\jdk1.8.0_60\bin\javac.exe
0x00007ffb02480000 - 0x00007ffb0262c000 	C:\windows\SYSTEM32\ntdll.dll
0x00007ffb00870000 - 0x00007ffb009ae000 	C:\windows\system32\KERNEL32.DLL
0x00007ffafe4b0000 - 0x00007ffafe5c5000 	C:\windows\system32\KERNELBASE.dll
0x0000000058180000 - 0x00000000581af000 	C:\Program Files\Java\jdk1.8.0_60\bin\jli.dll
0x00000000580a0000 - 0x0000000058172000 	C:\Program Files\Java\jdk1.8.0_60\bin\MSVCR100.dll
0x00007ffafe870000 - 0x00007ffafe91a000 	C:\windows\system32\ADVAPI32.dll
0x00007ffafc680000 - 0x00007ffafc8fb000 	C:\windows\WinSxS\amd64_microsoft.windows.common-controls_6595b64144ccf1df_6.0.9600.17415_none_6240486fecbd8abb\COMCTL32.dll
0x00007ffb009b0000 - 0x00007ffb00b27000 	C:\windows\system32\USER32.dll
0x00007ffb00b30000 - 0x00007ffb00bda000 	C:\windows\system32\msvcrt.dll
0x00007ffb00d80000 - 0x00007ffb00dd9000 	C:\windows\SYSTEM32\sechost.dll
0x00007ffb00de0000 - 0x00007ffb00f21000 	C:\windows\system32\RPCRT4.dll
0x00007ffafec10000 - 0x00007ffafed61000 	C:\windows\system32\GDI32.dll
0x00007ffafed70000 - 0x00007ffafeda6000 	C:\windows\system32\IMM32.DLL
0x00007ffb00590000 - 0x00007ffb006e3000 	C:\windows\system32\MSCTF.dll
0x00007ffae0a50000 - 0x00007ffae0a82000 	C:\Program Files (x86)\AVG\Av\avghooka.dll
0x0000000057fc0000 - 0x0000000058092000 	C:\Program Files\Java\jdk1.8.0_60\jre\bin\msvcr100.dll
0x0000000056340000 - 0x0000000056bc9000 	C:\Program Files\Java\jdk1.8.0_60\jre\bin\server\jvm.dll
0x00007ffad6ab0000 - 0x00007ffad6ab9000 	C:\windows\SYSTEM32\WSOCK32.dll
0x00007ffaeee90000 - 0x00007ffaeeeb2000 	C:\windows\SYSTEM32\WINMM.dll
0x00007ffaf7e00000 - 0x00007ffaf7e0a000 	C:\windows\SYSTEM32\VERSION.dll
0x00007ffb01110000 - 0x00007ffb01117000 	C:\windows\system32\PSAPI.DLL
0x00007ffafefd0000 - 0x00007ffaff02a000 	C:\windows\system32\WS2_32.dll
0x00007ffaeee60000 - 0x00007ffaeee8a000 	C:\windows\SYSTEM32\WINMMBASE.dll
0x00007ffb00560000 - 0x00007ffb00569000 	C:\windows\system32\NSI.dll
0x00007ffafe5d0000 - 0x00007ffafe61f000 	C:\windows\SYSTEM32\cfgmgr32.dll
0x00007ffafd0f0000 - 0x00007ffafd118000 	C:\windows\SYSTEM32\DEVOBJ.dll
0x0000000057fb0000 - 0x0000000057fbf000 	C:\Program Files\Java\jdk1.8.0_60\jre\bin\verify.dll
0x0000000056310000 - 0x0000000056339000 	C:\Program Files\Java\jdk1.8.0_60\jre\bin\java.dll
0x00000000562f0000 - 0x0000000056306000 	C:\Program Files\Java\jdk1.8.0_60\jre\bin\zip.dll
0x00007ffaff040000 - 0x00007ffb00558000 	C:\windows\system32\SHELL32.dll
0x00007ffafedb0000 - 0x00007ffafefc1000 	C:\windows\SYSTEM32\combase.dll
0x00007ffb01120000 - 0x00007ffb01174000 	C:\windows\system32\SHLWAPI.dll
0x00007ffafcb80000 - 0x00007ffafcc32000 	C:\windows\SYSTEM32\SHCORE.dll
0x00007ffafe2d0000 - 0x00007ffafe2e5000 	C:\windows\SYSTEM32\profapi.dll

VM Arguments:
jvm_args: -Dapplication.home=C:\Program Files\Java\jdk1.8.0_60 -Xms8m 
java_command: com.sun.tools.javac.Main -g -nowarn -d C:\Users\AnaGissel\Documents\MASTER\OPL\Project3\IntroClassJava\dataset\checksum\1\003\src\tmpClasses -cp C:\Users\AnaGissel\Documents\MASTER\OPL\Project3\OPL-ASR\junit\junit-4.8.jar C:\Users\AnaGissel\Documents\MASTER\OPL\Project3\IntroClassJava\dataset\checksum\1\003\src\test\java\introclassJava\checksum_2c155667_003BlackboxTest.java C:\Users\AnaGissel\Documents\MASTER\OPL\Project3\IntroClassJava\dataset\checksum\1\003\src\test\java\introclassJava\checksum_2c155667_003WhiteboxTest.java C:\Users\AnaGissel\Documents\MASTER\OPL\Project3\IntroClassJava\dataset\checksum\1\003\src\main\java\introclassJava\checksum_2c155667_003.java
java_class_path (initial): C:\Program Files\Java\jdk1.8.0_60/lib/tools.jar;C:\Program Files\Java\jdk1.8.0_60/classes
Launcher Type: SUN_STANDARD

Environment Variables:
JAVA_HOME=C:\Program Files\Java\jdk1.8.0_60
PATH=C:\ProgramData\Oracle\Java\javapath;C:\Program Files (x86)\Lenovo\FusionEngine;C:\Program Files (x86)\Intel\iCLS Client\;C:\Program Files\Intel\iCLS Client\;C:\windows\system32;C:\windows;C:\windows\System32\Wbem;C:\windows\System32\WindowsPowerShell\v1.0\;C:\Program Files\Intel\Intel(R) Management Engine Components\DAL;C:\Program Files\Intel\Intel(R) Management Engine Components\IPT;C:\Program Files (x86)\Intel\Intel(R) Management Engine Components\DAL;C:\Program Files (x86)\Intel\Intel(R) Management Engine Components\IPT;C:\Program Files (x86)\Common Files\lenovo\easyplussdk\bin;C:\Program Files (x86)\Brackets\command;C:\Program Files\Microsoft SQL Server\Client SDK\ODBC\110\Tools\Binn\;C:\Program Files (x86)\Microsoft SQL Server\120\Tools\Binn\;C:\Program Files\Microsoft SQL Server\120\Tools\Binn\;C:\Program Files\Microsoft SQL Server\120\DTS\Binn\;C:\Program Files (x86)\Microsoft SQL Server\120\Tools\Binn\ManagementStudio\;C:\Program Files (x86)\Microsoft SQL Server\120\DTS\Binn\;C:\Program Files (x86)\Windows Kits\8.1\Windows Performance Toolkit\;C:\Program Files\Microsoft SQL Server\110\Tools\Binn\;C:\Program Files (x86)\Microsoft SDKs\TypeScript\1.0\;C:\Users\AnaGissel\AppData\Local\Android\sdk;C:\Users\AnaGissel\AppData\Local\Android\sdk\tools;C:\Users\AnaGissel\AppData\Local\Android\sdk\platform-tools;C:\Users\AnaGissel\Documents\apache-maven-3.3.3\bin;C:\Program Files (x86)\nodejs\;C:\Program Files\Java\jdk1.8.0_60\bin;C:\Program Files (x86)\Skype\Phone\;C:\Program Files\Git\bin;C:\Users\AnaGissel\AppData\Roaming\npm;C:\Program Files\Java\jdk1.8.0_60\bin
USERNAME=Ana Gissel
OS=Windows_NT
PROCESSOR_IDENTIFIER=Intel64 Family 6 Model 69 Stepping 1, GenuineIntel



---------------  S Y S T E M  ---------------

OS: Windows 8.1 , 64 bit Build 9600 (6.3.9600.17415)

CPU:total 4 (2 cores per cpu, 2 threads per core) family 6 model 69 stepping 1, cmov, cx8, fxsr, mmx, sse, sse2, sse3, ssse3, sse4.1, sse4.2, popcnt, avx, avx2, aes, clmul, erms, lzcnt, ht, tsc, tscinvbit, bmi1, bmi2

Memory: 4k page, physical 6181144k(965364k free), swap 25055512k(5784k free)

vm_info: Java HotSpot(TM) 64-Bit Server VM (25.60-b23) for windows-amd64 JRE (1.8.0_60-b27), built on Aug  4 2015 11:06:27 by "java_re" with MS VC++ 10.0 (VS2010)

time: Tue Jan 12 13:29:39 2016
elapsed time: 3 seconds (0d 0h 0m 3s)

