#
# There is insufficient memory for the Java Runtime Environment to continue.
# Native memory allocation (malloc) failed to allocate 1685936 bytes for Chunk::new
# Possible reasons:
#   The system is out of physical RAM or swap space
#   In 32 bit mode, the process size limit was hit
# Possible solutions:
#   Reduce memory load on the system
#   Increase physical memory or swap space
#   Check if swap backing store is full
#   Use 64 bit Java on a 64 bit OS
#   Decrease Java heap size (-Xmx/-Xms)
#   Decrease number of Java threads
#   Decrease Java thread stack sizes (-Xss)
#   Set larger code cache with -XX:ReservedCodeCacheSize=
# This output file may be truncated or incomplete.
#
#  Out of Memory Error (allocation.cpp:390), pid=9724, tid=5776
#
# JRE version: Java(TM) SE Runtime Environment (8.0_60-b27) (build 1.8.0_60-b27)
# Java VM: Java HotSpot(TM) 64-Bit Server VM (25.60-b23 mixed mode windows-amd64 compressed oops)
# Failed to write core dump. Minidumps are not enabled by default on client versions of Windows
#

---------------  T H R E A D  ---------------

Current thread (0x0000000015b01000):  JavaThread "C2 CompilerThread0" daemon [_thread_in_native, id=5776, stack(0x00000000172c0000,0x00000000173c0000)]

Stack: [0x00000000172c0000,0x00000000173c0000]
[error occurred during error reporting (printing stack bounds), id 0xc0000005]

Native frames: (J=compiled Java code, j=interpreted, Vv=VM code, C=native code)


Current CompileTask:
C2:   3536  442 %     4       com.sun.tools.javac.file.ZipFileIndex$ZipDirectory::readEntry @ 102 (587 bytes)


---------------  P R O C E S S  ---------------

Java Threads: ( => current thread )
  0x0000000015b51000 JavaThread "Service Thread" daemon [_thread_blocked, id=7508, stack(0x00000000175c0000,0x00000000176c0000)]
  0x0000000015b08000 JavaThread "C1 CompilerThread2" daemon [_thread_in_native, id=12912, stack(0x00000000174c0000,0x00000000175c0000)]
  0x0000000015b04800 JavaThread "C2 CompilerThread1" daemon [_thread_in_native, id=7912, stack(0x00000000173c0000,0x00000000174c0000)]
=>0x0000000015b01000 JavaThread "C2 CompilerThread0" daemon [_thread_in_native, id=5776, stack(0x00000000172c0000,0x00000000173c0000)]
  0x0000000015afc000 JavaThread "Attach Listener" daemon [_thread_blocked, id=7688, stack(0x00000000171c0000,0x00000000172c0000)]
  0x0000000015afb000 JavaThread "Signal Dispatcher" daemon [_thread_blocked, id=10484, stack(0x00000000170c0000,0x00000000171c0000)]
  0x0000000002248000 JavaThread "Finalizer" daemon [_thread_blocked, id=11364, stack(0x0000000016d90000,0x0000000016e90000)]
  0x0000000015ac9000 JavaThread "Reference Handler" daemon [_thread_blocked, id=14984, stack(0x0000000016c90000,0x0000000016d90000)]
  0x0000000002152800 JavaThread "main" [_thread_in_native, id=3468, stack(0x0000000002000000,0x0000000002100000)]

Other Threads:
  0x0000000015ac7000 VMThread [stack: 0x0000000016b90000,0x0000000016c90000] [id=9528]
  0x0000000015b5d800 WatcherThread [stack: 0x0000000017ac0000,0x0000000017bc0000] [id=8544]

VM state:not at safepoint (normal execution)

VM Mutex/Monitor currently owned by a thread: None

Heap:
 PSYoungGen      total 8192K, used 1113K [0x00000000e0900000, 0x00000000e1500000, 0x0000000100000000)
  eden space 5120K, 12% used [0x00000000e0900000,0x00000000e099d8b0,0x00000000e0e00000)
  from space 3072K, 15% used [0x00000000e1200000,0x00000000e1278ea0,0x00000000e1500000)
  to   space 1536K, 0% used [0x00000000e0e00000,0x00000000e0e00000,0x00000000e0f80000)
 ParOldGen       total 5632K, used 5348K [0x00000000a1a00000, 0x00000000a1f80000, 0x00000000e0900000)
  object space 5632K, 94% used [0x00000000a1a00000,0x00000000a1f390e8,0x00000000a1f80000)
 Metaspace       used 7420K, capacity 8308K, committed 8448K, reserved 1056768K
  class space    used 903K, capacity 944K, committed 1024K, reserved 1048576K

Card table byte_map: [0x0000000011610000,0x0000000011910000] byte_map_base: 0x0000000011103000

Marking Bits: (ParMarkBitMap*) 0x0000000056b4a5b0
 Begin Bits: [0x0000000011f10000, 0x00000000136a8000)
 End Bits:   [0x00000000136a8000, 0x0000000014e40000)

Polling page: 0x0000000002100000

CodeCache: size=245760Kb used=2358Kb max_used=2358Kb free=243401Kb
 bounds [0x0000000002250000, 0x00000000024c0000, 0x0000000011250000]
 total_blobs=790 nmethods=503 adapters=200
 compilation: enabled

Compilation events (10 events):
Event: 3.521 Thread 0x0000000015b08000  501       3       java.security.CodeSource::matchCerts (254 bytes)
Event: 3.522 Thread 0x0000000015b08000 nmethod 501 0x000000000249d950 code [0x000000000249db60, 0x000000000249e6d8]
Event: 3.522 Thread 0x0000000015b08000  502       3       com.sun.tools.javac.code.Type::<init> (10 bytes)
Event: 3.522 Thread 0x0000000015b08000 nmethod 502 0x0000000002495bd0 code [0x0000000002495d40, 0x0000000002495f70]
Event: 3.532 Thread 0x0000000015b08000  503       3       com.sun.tools.javac.jvm.ClassReader::nextChar (46 bytes)
Event: 3.533 Thread 0x0000000015b08000 nmethod 503 0x000000000249ec10 code [0x000000000249ed60, 0x000000000249ef30]
Event: 3.533 Thread 0x0000000015b08000  504       3       java.util.RegularEnumSet::contains (57 bytes)
Event: 3.534 Thread 0x0000000015b08000 nmethod 504 0x000000000249f010 code [0x000000000249f1a0, 0x000000000249f748]
Event: 3.534 Thread 0x0000000015b04800  505       4       com.sun.tools.javac.util.Name$Table::equals (44 bytes)
Event: 3.534 Thread 0x0000000015b08000  506       3       com.sun.tools.javac.jvm.ClassReader::sigToType (880 bytes)

GC Heap History (10 events):
Event: 2.269 GC heap before
{Heap before GC invocations=5 (full 0):
 PSYoungGen      total 3584K, used 3584K [0x00000000e0900000, 0x00000000e0d00000, 0x0000000100000000)
  eden space 3072K, 100% used [0x00000000e0900000,0x00000000e0c00000,0x00000000e0c00000)
  from space 512K, 100% used [0x00000000e0c80000,0x00000000e0d00000,0x00000000e0d00000)
  to   space 512K, 0% used [0x00000000e0c00000,0x00000000e0c00000,0x00000000e0c80000)
 ParOldGen       total 5632K, used 548K [0x00000000a1a00000, 0x00000000a1f80000, 0x00000000e0900000)
  object space 5632K, 9% used [0x00000000a1a00000,0x00000000a1a89030,0x00000000a1f80000)
 Metaspace       used 6190K, capacity 7404K, committed 7552K, reserved 1056768K
  class space    used 772K, capacity 808K, committed 896K, reserved 1048576K
Event: 2.270 GC heap after
Heap after GC invocations=5 (full 0):
 PSYoungGen      total 3584K, used 512K [0x00000000e0900000, 0x00000000e1100000, 0x0000000100000000)
  eden space 3072K, 0% used [0x00000000e0900000,0x00000000e0900000,0x00000000e0c00000)
  from space 512K, 100% used [0x00000000e0c00000,0x00000000e0c80000,0x00000000e0c80000)
  to   space 1024K, 0% used [0x00000000e1000000,0x00000000e1000000,0x00000000e1100000)
 ParOldGen       total 5632K, used 897K [0x00000000a1a00000, 0x00000000a1f80000, 0x00000000e0900000)
  object space 5632K, 15% used [0x00000000a1a00000,0x00000000a1ae0550,0x00000000a1f80000)
 Metaspace       used 6190K, capacity 7404K, committed 7552K, reserved 1056768K
  class space    used 772K, capacity 808K, committed 896K, reserved 1048576K
}
Event: 2.972 GC heap before
{Heap before GC invocations=6 (full 0):
 PSYoungGen      total 3584K, used 3326K [0x00000000e0900000, 0x00000000e1100000, 0x0000000100000000)
  eden space 3072K, 91% used [0x00000000e0900000,0x00000000e0bbf920,0x00000000e0c00000)
  from space 512K, 100% used [0x00000000e0c00000,0x00000000e0c80000,0x00000000e0c80000)
  to   space 1024K, 0% used [0x00000000e1000000,0x00000000e1000000,0x00000000e1100000)
 ParOldGen       total 5632K, used 897K [0x00000000a1a00000, 0x00000000a1f80000, 0x00000000e0900000)
  object space 5632K, 15% used [0x00000000a1a00000,0x00000000a1ae0550,0x00000000a1f80000)
 Metaspace       used 7254K, capacity 8180K, committed 8448K, reserved 1056768K
  class space    used 888K, capacity 944K, committed 1024K, reserved 1048576K
Event: 2.977 GC heap after
Heap after GC invocations=6 (full 0):
 PSYoungGen      total 4096K, used 1012K [0x00000000e0900000, 0x00000000e1100000, 0x0000000100000000)
  eden space 3072K, 0% used [0x00000000e0900000,0x00000000e0900000,0x00000000e0c00000)
  from space 1024K, 98% used [0x00000000e1000000,0x00000000e10fd010,0x00000000e1100000)
  to   space 1536K, 0% used [0x00000000e0e00000,0x00000000e0e00000,0x00000000e0f80000)
 ParOldGen       total 5632K, used 1096K [0x00000000a1a00000, 0x00000000a1f80000, 0x00000000e0900000)
  object space 5632K, 19% used [0x00000000a1a00000,0x00000000a1b12190,0x00000000a1f80000)
 Metaspace       used 7254K, capacity 8180K, committed 8448K, reserved 1056768K
  class space    used 888K, capacity 944K, committed 1024K, reserved 1048576K
}
Event: 3.303 GC heap before
{Heap before GC invocations=7 (full 0):
 PSYoungGen      total 4096K, used 4084K [0x00000000e0900000, 0x00000000e1100000, 0x0000000100000000)
  eden space 3072K, 100% used [0x00000000e0900000,0x00000000e0c00000,0x00000000e0c00000)
  from space 1024K, 98% used [0x00000000e1000000,0x00000000e10fd010,0x00000000e1100000)
  to   space 1536K, 0% used [0x00000000e0e00000,0x00000000e0e00000,0x00000000e0f80000)
 ParOldGen       total 5632K, used 1096K [0x00000000a1a00000, 0x00000000a1f80000, 0x00000000e0900000)
  object space 5632K, 19% used [0x00000000a1a00000,0x00000000a1b12190,0x00000000a1f80000)
 Metaspace       used 7258K, capacity 8180K, committed 8448K, reserved 1056768K
  class space    used 888K, capacity 944K, committed 1024K, reserved 1048576K
Event: 3.308 GC heap after
Heap after GC invocations=7 (full 0):
 PSYoungGen      total 6656K, used 1508K [0x00000000e0900000, 0x00000000e1500000, 0x0000000100000000)
  eden space 5120K, 0% used [0x00000000e0900000,0x00000000e0900000,0x00000000e0e00000)
  from space 1536K, 98% used [0x00000000e0e00000,0x00000000e0f79278,0x00000000e0f80000)
  to   space 3072K, 0% used [0x00000000e1200000,0x00000000e1200000,0x00000000e1500000)
 ParOldGen       total 5632K, used 3375K [0x00000000a1a00000, 0x00000000a1f80000, 0x00000000e0900000)
  object space 5632K, 59% used [0x00000000a1a00000,0x00000000a1d4bc10,0x00000000a1f80000)
 Metaspace       used 7258K, capacity 8180K, committed 8448K, reserved 1056768K
  class space    used 888K, capacity 944K, committed 1024K, reserved 1048576K
}
Event: 3.450 GC heap before
{Heap before GC invocations=8 (full 0):
 PSYoungGen      total 6656K, used 6628K [0x00000000e0900000, 0x00000000e1500000, 0x0000000100000000)
  eden space 5120K, 100% used [0x00000000e0900000,0x00000000e0e00000,0x00000000e0e00000)
  from space 1536K, 98% used [0x00000000e0e00000,0x00000000e0f79278,0x00000000e0f80000)
  to   space 3072K, 0% used [0x00000000e1200000,0x00000000e1200000,0x00000000e1500000)
 ParOldGen       total 5632K, used 3375K [0x00000000a1a00000, 0x00000000a1f80000, 0x00000000e0900000)
  object space 5632K, 59% used [0x00000000a1a00000,0x00000000a1d4bc10,0x00000000a1f80000)
 Metaspace       used 7316K, capacity 8180K, committed 8448K, reserved 1056768K
  class space    used 893K, capacity 944K, committed 1024K, reserved 1048576K
Event: 3.459 GC heap after
Heap after GC invocations=8 (full 0):
 PSYoungGen      total 8192K, used 3044K [0x00000000e0900000, 0x00000000e1500000, 0x0000000100000000)
  eden space 5120K, 0% used [0x00000000e0900000,0x00000000e0900000,0x00000000e0e00000)
  from space 3072K, 99% used [0x00000000e1200000,0x00000000e14f9258,0x00000000e1500000)
  to   space 1536K, 0% used [0x00000000e0e00000,0x00000000e0e00000,0x00000000e0f80000)
 ParOldGen       total 5632K, used 4663K [0x00000000a1a00000, 0x00000000a1f80000, 0x00000000e0900000)
  object space 5632K, 82% used [0x00000000a1a00000,0x00000000a1e8dc20,0x00000000a1f80000)
 Metaspace       used 7316K, capacity 8180K, committed 8448K, reserved 1056768K
  class space    used 893K, capacity 944K, committed 1024K, reserved 1048576K
}
Event: 3.459 GC heap before
{Heap before GC invocations=9 (full 1):
 PSYoungGen      total 8192K, used 3044K [0x00000000e0900000, 0x00000000e1500000, 0x0000000100000000)
  eden space 5120K, 0% used [0x00000000e0900000,0x00000000e0900000,0x00000000e0e00000)
  from space 3072K, 99% used [0x00000000e1200000,0x00000000e14f9258,0x00000000e1500000)
  to   space 1536K, 0% used [0x00000000e0e00000,0x00000000e0e00000,0x00000000e0f80000)
 ParOldGen       total 5632K, used 4663K [0x00000000a1a00000, 0x00000000a1f80000, 0x00000000e0900000)
  object space 5632K, 82% used [0x00000000a1a00000,0x00000000a1e8dc20,0x00000000a1f80000)
 Metaspace       used 7316K, capacity 8180K, committed 8448K, reserved 1056768K
  class space    used 893K, capacity 944K, committed 1024K, reserved 1048576K
Event: 3.499 GC heap after
Heap after GC invocations=9 (full 1):
 PSYoungGen      total 8192K, used 483K [0x00000000e0900000, 0x00000000e1500000, 0x0000000100000000)
  eden space 5120K, 0% used [0x00000000e0900000,0x00000000e0900000,0x00000000e0e00000)
  from space 3072K, 15% used [0x00000000e1200000,0x00000000e1278ea0,0x00000000e1500000)
  to   space 1536K, 0% used [0x00000000e0e00000,0x00000000e0e00000,0x00000000e0f80000)
 ParOldGen       total 5632K, used 5348K [0x00000000a1a00000, 0x00000000a1f80000, 0x00000000e0900000)
  object space 5632K, 94% used [0x00000000a1a00000,0x00000000a1f390e8,0x00000000a1f80000)
 Metaspace       used 7316K, capacity 8180K, committed 8448K, reserved 1056768K
  class space    used 893K, capacity 944K, committed 1024K, reserved 1048576K
}

Deoptimization events (2 events):
Event: 2.396 Thread 0x0000000002152800 Uncommon trap: reason=unstable_if action=reinterpret pc=0x00000000023c50c4 method=java.lang.String.replace(CC)Ljava/lang/String; @ 26
Event: 2.497 Thread 0x0000000002152800 Uncommon trap: reason=unstable_if action=reinterpret pc=0x00000000024114e8 method=java.lang.String.<init>([CII)V @ 18

Internal exceptions (10 events):
Event: 0.676 Thread 0x0000000002152800 Exception <a 'java/lang/NoSuchMethodError': Method sun.misc.Unsafe.defineClass(Ljava/lang/String;[BII)Ljava/lang/Class; name or signature does not match> (0x00000000e0915df8) thrown at [C:\re\workspace\8-2-build-windows-amd64-cygwin\jdk8u60\4407\hotspot\srÇ×ìZÂ¡å?
Event: 0.676 Thread 0x0000000002152800 Exception <a 'java/lang/NoSuchMethodError': Method sun.misc.Unsafe.prefetchRead(Ljava/lang/Object;J)V name or signature does not match> (0x00000000e09160e0) thrown at [C:\re\workspace\8-2-build-windows-amd64-cygwin\jdk8u60\4407\hotspot\src\share\vm\prims\jpÓ5êãö?
Event: 1.431 Thread 0x0000000002152800 Exception <a 'java/security/PrivilegedActionException'> (0x00000000e0a6d5d0) thrown at [C:\re\workspace\8-2-build-windows-amd64-cygwin\jdk8u60\4407\hotspot\src\share\vm\prims\jvm.cpp, line 1386]
Event: 1.431 Thread 0x0000000002152800 Exception <a 'java/security/PrivilegedActionException'> (0x00000000e0a6d9c8) thrown at [C:\re\workspace\8-2-build-windows-amd64-cygwin\jdk8u60\4407\hotspot\src\share\vm\prims\jvm.cpp, line 1386]
Event: 1.432 Thread 0x0000000002152800 Exception <a 'java/security/PrivilegedActionException'> (0x00000000e0a719f8) thrown at [C:\re\workspace\8-2-build-windows-amd64-cygwin\jdk8u60\4407\hotspot\src\share\vm\prims\jvm.cpp, line 1386]
Event: 1.432 Thread 0x0000000002152800 Exception <a 'java/security/PrivilegedActionException'> (0x00000000e0a71e58) thrown at [C:\re\workspace\8-2-build-windows-amd64-cygwin\jdk8u60\4407\hotspot\src\share\vm\prims\jvm.cpp, line 1386]
Event: 1.490 Thread 0x0000000002152800 Exception <a 'java/security/PrivilegedActionException'> (0x00000000e090b1b8) thrown at [C:\re\workspace\8-2-build-windows-amd64-cygwin\jdk8u60\4407\hotspot\src\share\vm\prims\jvm.cpp, line 1386]
Event: 1.490 Thread 0x0000000002152800 Exception <a 'java/security/PrivilegedActionException'> (0x00000000e090b5b0) thrown at [C:\re\workspace\8-2-build-windows-amd64-cygwin\jdk8u60\4407\hotspot\src\share\vm\prims\jvm.cpp, line 1386]
Event: 3.332 Thread 0x0000000002152800 Exception <a 'java/io/FileNotFoundException'> (0x00000000e0a08750) thrown at [C:\re\workspace\8-2-build-windows-amd64-cygwin\jdk8u60\4407\hotspot\src\share\vm\prims\jni.cpp, line 709]
Event: 3.408 Thread 0x0000000002152800 Exception <a 'java/io/FileNotFoundException'> (0x00000000e0a5e5f8) thrown at [C:\re\workspace\8-2-build-windows-amd64-cygwin\jdk8u60\4407\hotspot\src\share\vm\prims\jni.cpp, line 709]

Events (10 events):
Event: 3.517 loading class com/sun/tools/javac/code/Scope$1
Event: 3.517 loading class com/sun/tools/javac/code/Scope$1 done
Event: 3.518 loading class com/sun/tools/javac/jvm/ClassReader$AnnotationDefaultCompleter
Event: 3.518 loading class com/sun/tools/javac/jvm/ClassReader$AnnotationDefaultCompleter done
Event: 3.519 loading class com/sun/tools/javac/code/BoundKind
Event: 3.519 loading class com/sun/tools/javac/code/BoundKind done
Event: 3.520 loading class java/io/DataInputStream
Event: 3.532 loading class java/io/DataInputStream done
Event: 3.533 loading class com/sun/tools/javac/code/Type$ArrayType$1
Event: 3.533 loading class com/sun/tools/javac/code/Type$ArrayType$1 done


Dynamic libraries:
0x00007ff6f4650000 - 0x00007ff6f4657000 	C:\Program Files\Java\jdk1.8.0_60\bin\javac.exe
0x00007ffb02480000 - 0x00007ffb0262c000 	C:\windows\SYSTEM32\ntdll.dll
0x00007ffb00870000 - 0x00007ffb009ae000 	C:\windows\system32\KERNEL32.DLL
0x00007ffafe4b0000 - 0x00007ffafe5c5000 	C:\windows\system32\KERNELBASE.dll
0x0000000058180000 - 0x00000000581af000 	C:\Program Files\Java\jdk1.8.0_60\bin\jli.dll
0x00000000580a0000 - 0x0000000058172000 	C:\Program Files\Java\jdk1.8.0_60\bin\MSVCR100.dll
0x00007ffafe870000 - 0x00007ffafe91a000 	C:\windows\system32\ADVAPI32.dll
0x00007ffafc680000 - 0x00007ffafc8fb000 	C:\windows\WinSxS\amd64_microsoft.windows.common-controls_6595b64144ccf1df_6.0.9600.17415_none_6240486fecbd8abb\COMCTL32.dll
0x00007ffb009b0000 - 0x00007ffb00b27000 	C:\windows\system32\USER32.dll
0x00007ffb00b30000 - 0x00007ffb00bda000 	C:\windows\system32\msvcrt.dll
0x00007ffb00d80000 - 0x00007ffb00dd9000 	C:\windows\SYSTEM32\sechost.dll
0x00007ffb00de0000 - 0x00007ffb00f21000 	C:\windows\system32\RPCRT4.dll
0x00007ffafec10000 - 0x00007ffafed61000 	C:\windows\system32\GDI32.dll
0x00007ffafed70000 - 0x00007ffafeda6000 	C:\windows\system32\IMM32.DLL
0x00007ffb00590000 - 0x00007ffb006e3000 	C:\windows\system32\MSCTF.dll
0x00007ffae0a50000 - 0x00007ffae0a82000 	C:\Program Files (x86)\AVG\Av\avghooka.dll
0x0000000057fc0000 - 0x0000000058092000 	C:\Program Files\Java\jdk1.8.0_60\jre\bin\msvcr100.dll
0x0000000056340000 - 0x0000000056bc9000 	C:\Program Files\Java\jdk1.8.0_60\jre\bin\server\jvm.dll
0x00007ffad6ab0000 - 0x00007ffad6ab9000 	C:\windows\SYSTEM32\WSOCK32.dll
0x00007ffaeee90000 - 0x00007ffaeeeb2000 	C:\windows\SYSTEM32\WINMM.dll
0x00007ffaf7e00000 - 0x00007ffaf7e0a000 	C:\windows\SYSTEM32\VERSION.dll
0x00007ffb01110000 - 0x00007ffb01117000 	C:\windows\system32\PSAPI.DLL
0x00007ffafefd0000 - 0x00007ffaff02a000 	C:\windows\system32\WS2_32.dll
0x00007ffaeee60000 - 0x00007ffaeee8a000 	C:\windows\SYSTEM32\WINMMBASE.dll
0x00007ffb00560000 - 0x00007ffb00569000 	C:\windows\system32\NSI.dll
0x00007ffafe5d0000 - 0x00007ffafe61f000 	C:\windows\SYSTEM32\cfgmgr32.dll
0x00007ffafd0f0000 - 0x00007ffafd118000 	C:\windows\SYSTEM32\DEVOBJ.dll
0x0000000057fb0000 - 0x0000000057fbf000 	C:\Program Files\Java\jdk1.8.0_60\jre\bin\verify.dll
0x0000000056310000 - 0x0000000056339000 	C:\Program Files\Java\jdk1.8.0_60\jre\bin\java.dll
0x00000000562f0000 - 0x0000000056306000 	C:\Program Files\Java\jdk1.8.0_60\jre\bin\zip.dll
0x00007ffaff040000 - 0x00007ffb00558000 	C:\windows\system32\SHELL32.dll
0x00007ffafedb0000 - 0x00007ffafefc1000 	C:\windows\SYSTEM32\combase.dll
0x00007ffb01120000 - 0x00007ffb01174000 	C:\windows\system32\SHLWAPI.dll
0x00007ffafcb80000 - 0x00007ffafcc32000 	C:\windows\SYSTEM32\SHCORE.dll
0x00007ffafe2d0000 - 0x00007ffafe2e5000 	C:\windows\SYSTEM32\profapi.dll

VM Arguments:
jvm_args: -Dapplication.home=C:\Program Files\Java\jdk1.8.0_60 -Xms8m 
java_command: com.sun.tools.javac.Main -g -nowarn -d C:\Users\AnaGissel\Documents\MASTER\OPL\Project3\IntroClassJava\dataset\checksum\1\003\src\tmpClasses -cp C:\Users\AnaGissel\Documents\MASTER\OPL\Project3\OPL-ASR\junit\junit-4.8.jar C:\Users\AnaGissel\Documents\MASTER\OPL\Project3\IntroClassJava\dataset\checksum\1\003\src\test\java\introclassJava\checksum_2c155667_003BlackboxTest.java C:\Users\AnaGissel\Documents\MASTER\OPL\Project3\IntroClassJava\dataset\checksum\1\003\src\test\java\introclassJava\checksum_2c155667_003WhiteboxTest.java C:\Users\AnaGissel\Documents\MASTER\OPL\Project3\IntroClassJava\dataset\checksum\1\003\src\main\java\introclassJava\checksum_2c155667_003.java
java_class_path (initial): C:\Program Files\Java\jdk1.8.0_60/lib/tools.jar;C:\Program Files\Java\jdk1.8.0_60/classes
Launcher Type: SUN_STANDARD

Environment Variables:
JAVA_HOME=C:\Program Files\Java\jdk1.8.0_60
PATH=C:\ProgramData\Oracle\Java\javapath;C:\Program Files (x86)\Lenovo\FusionEngine;C:\Program Files (x86)\Intel\iCLS Client\;C:\Program Files\Intel\iCLS Client\;C:\windows\system32;C:\windows;C:\windows\System32\Wbem;C:\windows\System32\WindowsPowerShell\v1.0\;C:\Program Files\Intel\Intel(R) Management Engine Components\DAL;C:\Program Files\Intel\Intel(R) Management Engine Components\IPT;C:\Program Files (x86)\Intel\Intel(R) Management Engine Components\DAL;C:\Program Files (x86)\Intel\Intel(R) Management Engine Components\IPT;C:\Program Files (x86)\Common Files\lenovo\easyplussdk\bin;C:\Program Files (x86)\Brackets\command;C:\Program Files\Microsoft SQL Server\Client SDK\ODBC\110\Tools\Binn\;C:\Program Files (x86)\Microsoft SQL Server\120\Tools\Binn\;C:\Program Files\Microsoft SQL Server\120\Tools\Binn\;C:\Program Files\Microsoft SQL Server\120\DTS\Binn\;C:\Program Files (x86)\Microsoft SQL Server\120\Tools\Binn\ManagementStudio\;C:\Program Files (x86)\Microsoft SQL Server\120\DTS\Binn\;C:\Program Files (x86)\Windows Kits\8.1\Windows Performance Toolkit\;C:\Program Files\Microsoft SQL Server\110\Tools\Binn\;C:\Program Files (x86)\Microsoft SDKs\TypeScript\1.0\;C:\Users\AnaGissel\AppData\Local\Android\sdk;C:\Users\AnaGissel\AppData\Local\Android\sdk\tools;C:\Users\AnaGissel\AppData\Local\Android\sdk\platform-tools;C:\Users\AnaGissel\Documents\apache-maven-3.3.3\bin;C:\Program Files (x86)\nodejs\;C:\Program Files\Java\jdk1.8.0_60\bin;C:\Program Files (x86)\Skype\Phone\;C:\Program Files\Git\bin;C:\Users\AnaGissel\AppData\Roaming\npm;C:\Program Files\Java\jdk1.8.0_60\bin
USERNAME=Ana Gissel
OS=Windows_NT
PROCESSOR_IDENTIFIER=Intel64 Family 6 Model 69 Stepping 1, GenuineIntel



---------------  S Y S T E M  ---------------

OS: Windows 8.1 , 64 bit Build 9600 (6.3.9600.17415)

CPU:total 4 (2 cores per cpu, 2 threads per core) family 6 model 69 stepping 1, cmov, cx8, fxsr, mmx, sse, sse2, sse3, ssse3, sse4.1, sse4.2, popcnt, avx, avx2, aes, clmul, erms, lzcnt, ht, tsc, tscinvbit, bmi1, bmi2

Memory: 4k page, physical 6181144k(871828k free), swap 25055512k(6196k free)

vm_info: Java HotSpot(TM) 64-Bit Server VM (25.60-b23) for windows-amd64 JRE (1.8.0_60-b27), built on Aug  4 2015 11:06:27 by "java_re" with MS VC++ 10.0 (VS2010)

time: Tue Jan 12 13:38:05 2016
elapsed time: 3 seconds (0d 0h 0m 3s)

