#
# There is insufficient memory for the Java Runtime Environment to continue.
# Native memory allocation (malloc) failed to allocate 262160 bytes for Chunk::new
# Possible reasons:
#   The system is out of physical RAM or swap space
#   In 32 bit mode, the process size limit was hit
# Possible solutions:
#   Reduce memory load on the system
#   Increase physical memory or swap space
#   Check if swap backing store is full
#   Use 64 bit Java on a 64 bit OS
#   Decrease Java heap size (-Xmx/-Xms)
#   Decrease number of Java threads
#   Decrease Java thread stack sizes (-Xss)
#   Set larger code cache with -XX:ReservedCodeCacheSize=
# This output file may be truncated or incomplete.
#
#  Out of Memory Error (allocation.cpp:390), pid=13112, tid=15020
#
# JRE version: Java(TM) SE Runtime Environment (8.0_60-b27) (build 1.8.0_60-b27)
# Java VM: Java HotSpot(TM) 64-Bit Server VM (25.60-b23 mixed mode windows-amd64 compressed oops)
# Failed to write core dump. Minidumps are not enabled by default on client versions of Windows
#

---------------  T H R E A D  ---------------

Current thread (0x0000000015921000):  JavaThread "C2 CompilerThread0" daemon [_thread_in_native, id=15020, stack(0x00000000170f0000,0x00000000171f0000)]

Stack: [0x00000000170f0000,0x00000000171f0000]
[error occurred during error reporting (printing stack bounds), id 0xc0000005]

Native frames: (J=compiled Java code, j=interpreted, Vv=VM code, C=native code)


Current CompileTask:
C2:   4364  448 %     4       com.sun.tools.javac.file.ZipFileIndex$ZipDirectory::readEntry @ 102 (587 bytes)


---------------  P R O C E S S  ---------------

Java Threads: ( => current thread )
  0x0000000015973000 JavaThread "Service Thread" daemon [_thread_blocked, id=10608, stack(0x00000000173f0000,0x00000000174f0000)]
  0x0000000015928800 JavaThread "C1 CompilerThread2" daemon [_thread_blocked, id=6196, stack(0x00000000172f0000,0x00000000173f0000)]
  0x0000000015924800 JavaThread "C2 CompilerThread1" daemon [_thread_blocked, id=13232, stack(0x00000000171f0000,0x00000000172f0000)]
=>0x0000000015921000 JavaThread "C2 CompilerThread0" daemon [_thread_in_native, id=15020, stack(0x00000000170f0000,0x00000000171f0000)]
  0x000000001591c000 JavaThread "Attach Listener" daemon [_thread_blocked, id=9368, stack(0x0000000016ff0000,0x00000000170f0000)]
  0x000000001591b000 JavaThread "Signal Dispatcher" daemon [_thread_blocked, id=3308, stack(0x0000000016ef0000,0x0000000016ff0000)]
  0x0000000002088000 JavaThread "Finalizer" daemon [_thread_blocked, id=9124, stack(0x0000000016bb0000,0x0000000016cb0000)]
  0x00000000158e9000 JavaThread "Reference Handler" daemon [_thread_blocked, id=14512, stack(0x0000000016ab0000,0x0000000016bb0000)]
  0x0000000001f92800 JavaThread "main" [_thread_in_native, id=7948, stack(0x0000000001e90000,0x0000000001f90000)]

Other Threads:
  0x00000000158e7000 VMThread [stack: 0x00000000169b0000,0x0000000016ab0000] [id=1416]
  0x000000001753a800 WatcherThread [stack: 0x00000000178f0000,0x00000000179f0000] [id=9228]

VM state:not at safepoint (normal execution)

VM Mutex/Monitor currently owned by a thread: None

Heap:
 PSYoungGen      total 4096K, used 102K [0x00000000e0900000, 0x00000000e1200000, 0x0000000100000000)
  eden space 2560K, 3% used [0x00000000e0900000,0x00000000e0919980,0x00000000e0b80000)
  from space 1536K, 0% used [0x00000000e0b80000,0x00000000e0b80000,0x00000000e0d00000)
  to   space 2560K, 0% used [0x00000000e0f80000,0x00000000e0f80000,0x00000000e1200000)
 ParOldGen       total 7680K, used 4036K [0x00000000a1a00000, 0x00000000a2180000, 0x00000000e0900000)
  object space 7680K, 52% used [0x00000000a1a00000,0x00000000a1df12c8,0x00000000a2180000)
 Metaspace       used 7280K, capacity 8180K, committed 8448K, reserved 1056768K
  class space    used 890K, capacity 944K, committed 1024K, reserved 1048576K

Card table byte_map: [0x0000000011450000,0x0000000011750000] byte_map_base: 0x0000000010f43000

Marking Bits: (ParMarkBitMap*) 0x0000000056a6a5b0
 Begin Bits: [0x0000000011d50000, 0x00000000134e8000)
 End Bits:   [0x00000000134e8000, 0x0000000014c80000)

Polling page: 0x0000000001e30000

CodeCache: size=245760Kb used=2262Kb max_used=2280Kb free=243497Kb
 bounds [0x0000000002090000, 0x0000000002300000, 0x0000000011090000]
 total_blobs=733 nmethods=447 adapters=199
 compilation: enabled

Compilation events (10 events):
Event: 4.263 Thread 0x0000000015921000  428   !   4       java.lang.StringCoding::decode (120 bytes)
Event: 4.274 Thread 0x0000000015921000 nmethod 428 0x00000000022c1c50 code [0x00000000022c1e20, 0x00000000022c2580]
Event: 4.274 Thread 0x0000000015921000  430       4       java.util.LinkedHashMap::get (33 bytes)
Event: 4.278 Thread 0x0000000015924800 nmethod 400% 0x00000000022c71d0 code [0x00000000022c7640, 0x00000000022ca298]
Event: 4.279 Thread 0x0000000015924800  436       4       com.sun.tools.javac.file.ZipFileIndex$Entry::<init> (15 bytes)
Event: 4.279 Thread 0x0000000015924800 nmethod 436 0x0000000002299ed0 code [0x000000000229a000, 0x000000000229a078]
Event: 4.279 Thread 0x0000000015924800  429   !   4       java.lang.StringCoding$StringDecoder::decode (179 bytes)
Event: 4.282 Thread 0x0000000015921000 nmethod 430 0x00000000022c6890 code [0x00000000022c6a00, 0x00000000022c6e58]
Event: 4.283 Thread 0x0000000015924800 nmethod 429 0x00000000022bc590 code [0x00000000022bc6e0, 0x00000000022bc8e8]
Event: 4.342 Thread 0x0000000015921000  448 %     4       com.sun.tools.javac.file.ZipFileIndex$ZipDirectory::readEntry @ 102 (587 bytes)

GC Heap History (10 events):
Event: 3.391 GC heap before
{Heap before GC invocations=6 (full 0):
 PSYoungGen      total 2048K, used 2032K [0x00000000e0900000, 0x00000000e0c80000, 0x0000000100000000)
  eden space 1536K, 100% used [0x00000000e0900000,0x00000000e0a80000,0x00000000e0a80000)
  from space 512K, 96% used [0x00000000e0a80000,0x00000000e0afc010,0x00000000e0b00000)
  to   space 1024K, 0% used [0x00000000e0b80000,0x00000000e0b80000,0x00000000e0c80000)
 ParOldGen       total 5632K, used 624K [0x00000000a1a00000, 0x00000000a1f80000, 0x00000000e0900000)
  object space 5632K, 11% used [0x00000000a1a00000,0x00000000a1a9c020,0x00000000a1f80000)
 Metaspace       used 6193K, capacity 7404K, committed 7552K, reserved 1056768K
  class space    used 774K, capacity 808K, committed 896K, reserved 1048576K
Event: 3.394 GC heap after
Heap after GC invocations=6 (full 0):
 PSYoungGen      total 2560K, used 896K [0x00000000e0900000, 0x00000000e0e00000, 0x0000000100000000)
  eden space 1536K, 0% used [0x00000000e0900000,0x00000000e0900000,0x00000000e0a80000)
  from space 1024K, 87% used [0x00000000e0b80000,0x00000000e0c60000,0x00000000e0c80000)
  to   space 1024K, 0% used [0x00000000e0a80000,0x00000000e0a80000,0x00000000e0b80000)
 ParOldGen       total 5632K, used 632K [0x00000000a1a00000, 0x00000000a1f80000, 0x00000000e0900000)
  object space 5632K, 11% used [0x00000000a1a00000,0x00000000a1a9e020,0x00000000a1f80000)
 Metaspace       used 6193K, capacity 7404K, committed 7552K, reserved 1056768K
  class space    used 774K, capacity 808K, committed 896K, reserved 1048576K
}
Event: 3.730 GC heap before
{Heap before GC invocations=7 (full 0):
 PSYoungGen      total 2560K, used 2432K [0x00000000e0900000, 0x00000000e0e00000, 0x0000000100000000)
  eden space 1536K, 100% used [0x00000000e0900000,0x00000000e0a80000,0x00000000e0a80000)
  from space 1024K, 87% used [0x00000000e0b80000,0x00000000e0c60000,0x00000000e0c80000)
  to   space 1024K, 0% used [0x00000000e0a80000,0x00000000e0a80000,0x00000000e0b80000)
 ParOldGen       total 5632K, used 632K [0x00000000a1a00000, 0x00000000a1f80000, 0x00000000e0900000)
  object space 5632K, 11% used [0x00000000a1a00000,0x00000000a1a9e020,0x00000000a1f80000)
 Metaspace       used 7032K, capacity 7988K, committed 8064K, reserved 1056768K
  class space    used 873K, capacity 880K, committed 896K, reserved 1048576K
Event: 3.735 GC heap after
Heap after GC invocations=7 (full 0):
 PSYoungGen      total 2560K, used 608K [0x00000000e0900000, 0x00000000e0e00000, 0x0000000100000000)
  eden space 1536K, 0% used [0x00000000e0900000,0x00000000e0900000,0x00000000e0a80000)
  from space 1024K, 59% used [0x00000000e0a80000,0x00000000e0b18000,0x00000000e0b80000)
  to   space 1024K, 0% used [0x00000000e0d00000,0x00000000e0d00000,0x00000000e0e00000)
 ParOldGen       total 5632K, used 1024K [0x00000000a1a00000, 0x00000000a1f80000, 0x00000000e0900000)
  object space 5632K, 18% used [0x00000000a1a00000,0x00000000a1b00388,0x00000000a1f80000)
 Metaspace       used 7032K, capacity 7988K, committed 8064K, reserved 1056768K
  class space    used 873K, capacity 880K, committed 896K, reserved 1048576K
}
Event: 4.214 GC heap before
{Heap before GC invocations=8 (full 0):
 PSYoungGen      total 2560K, used 2144K [0x00000000e0900000, 0x00000000e0e00000, 0x0000000100000000)
  eden space 1536K, 100% used [0x00000000e0900000,0x00000000e0a80000,0x00000000e0a80000)
  from space 1024K, 59% used [0x00000000e0a80000,0x00000000e0b18000,0x00000000e0b80000)
  to   space 1024K, 0% used [0x00000000e0d00000,0x00000000e0d00000,0x00000000e0e00000)
 ParOldGen       total 5632K, used 2530K [0x00000000a1a00000, 0x00000000a1f80000, 0x00000000e0900000)
  object space 5632K, 44% used [0x00000000a1a00000,0x00000000a1c78ae0,0x00000000a1f80000)
 Metaspace       used 7265K, capacity 8180K, committed 8448K, reserved 1056768K
  class space    used 889K, capacity 944K, committed 1024K, reserved 1048576K
Event: 4.218 GC heap after
Heap after GC invocations=8 (full 0):
 PSYoungGen      total 3584K, used 1024K [0x00000000e0900000, 0x00000000e0f00000, 0x0000000100000000)
  eden space 2560K, 0% used [0x00000000e0900000,0x00000000e0900000,0x00000000e0b80000)
  from space 1024K, 100% used [0x00000000e0d00000,0x00000000e0e00000,0x00000000e0e00000)
  to   space 1536K, 0% used [0x00000000e0b80000,0x00000000e0b80000,0x00000000e0d00000)
 ParOldGen       total 5632K, used 2900K [0x00000000a1a00000, 0x00000000a1f80000, 0x00000000e0900000)
  object space 5632K, 51% used [0x00000000a1a00000,0x00000000a1cd5378,0x00000000a1f80000)
 Metaspace       used 7265K, capacity 8180K, committed 8448K, reserved 1056768K
  class space    used 889K, capacity 944K, committed 1024K, reserved 1048576K
}
Event: 4.303 GC heap before
{Heap before GC invocations=9 (full 0):
 PSYoungGen      total 3584K, used 3584K [0x00000000e0900000, 0x00000000e0f00000, 0x0000000100000000)
  eden space 2560K, 100% used [0x00000000e0900000,0x00000000e0b80000,0x00000000e0b80000)
  from space 1024K, 100% used [0x00000000e0d00000,0x00000000e0e00000,0x00000000e0e00000)
  to   space 1536K, 0% used [0x00000000e0b80000,0x00000000e0b80000,0x00000000e0d00000)
 ParOldGen       total 5632K, used 2900K [0x00000000a1a00000, 0x00000000a1f80000, 0x00000000e0900000)
  object space 5632K, 51% used [0x00000000a1a00000,0x00000000a1cd5378,0x00000000a1f80000)
 Metaspace       used 7280K, capacity 8180K, committed 8448K, reserved 1056768K
  class space    used 890K, capacity 944K, committed 1024K, reserved 1048576K
Event: 4.307 GC heap after
Heap after GC invocations=9 (full 0):
 PSYoungGen      total 4096K, used 1511K [0x00000000e0900000, 0x00000000e1200000, 0x0000000100000000)
  eden space 2560K, 0% used [0x00000000e0900000,0x00000000e0900000,0x00000000e0b80000)
  from space 1536K, 98% used [0x00000000e0b80000,0x00000000e0cf9e58,0x00000000e0d00000)
  to   space 2560K, 0% used [0x00000000e0f80000,0x00000000e0f80000,0x00000000e1200000)
 ParOldGen       total 5632K, used 4482K [0x00000000a1a00000, 0x00000000a1f80000, 0x00000000e0900000)
  object space 5632K, 79% used [0x00000000a1a00000,0x00000000a1e60868,0x00000000a1f80000)
 Metaspace       used 7280K, capacity 8180K, committed 8448K, reserved 1056768K
  class space    used 890K, capacity 944K, committed 1024K, reserved 1048576K
}
Event: 4.307 GC heap before
{Heap before GC invocations=10 (full 1):
 PSYoungGen      total 4096K, used 1511K [0x00000000e0900000, 0x00000000e1200000, 0x0000000100000000)
  eden space 2560K, 0% used [0x00000000e0900000,0x00000000e0900000,0x00000000e0b80000)
  from space 1536K, 98% used [0x00000000e0b80000,0x00000000e0cf9e58,0x00000000e0d00000)
  to   space 2560K, 0% used [0x00000000e0f80000,0x00000000e0f80000,0x00000000e1200000)
 ParOldGen       total 5632K, used 4482K [0x00000000a1a00000, 0x00000000a1f80000, 0x00000000e0900000)
  object space 5632K, 79% used [0x00000000a1a00000,0x00000000a1e60868,0x00000000a1f80000)
 Metaspace       used 7280K, capacity 8180K, committed 8448K, reserved 1056768K
  class space    used 890K, capacity 944K, committed 1024K, reserved 1048576K
Event: 4.342 GC heap after
Heap after GC invocations=10 (full 1):
 PSYoungGen      total 4096K, used 0K [0x00000000e0900000, 0x00000000e1200000, 0x0000000100000000)
  eden space 2560K, 0% used [0x00000000e0900000,0x00000000e0900000,0x00000000e0b80000)
  from space 1536K, 0% used [0x00000000e0b80000,0x00000000e0b80000,0x00000000e0d00000)
  to   space 2560K, 0% used [0x00000000e0f80000,0x00000000e0f80000,0x00000000e1200000)
 ParOldGen       total 7680K, used 4036K [0x00000000a1a00000, 0x00000000a2180000, 0x00000000e0900000)
  object space 7680K, 52% used [0x00000000a1a00000,0x00000000a1df12c8,0x00000000a2180000)
 Metaspace       used 7280K, capacity 8180K, committed 8448K, reserved 1056768K
  class space    used 890K, capacity 944K, committed 1024K, reserved 1048576K
}

Deoptimization events (2 events):
Event: 3.623 Thread 0x0000000001f92800 Uncommon trap: reason=unstable_if action=reinterpret pc=0x0000000002203c44 method=java.lang.String.replace(CC)Ljava/lang/String; @ 26
Event: 3.740 Thread 0x0000000001f92800 Uncommon trap: reason=unstable_if action=reinterpret pc=0x000000000224e168 method=java.lang.String.<init>([CII)V @ 18

Internal exceptions (10 events):
Event: 0.735 Thread 0x0000000001f92800 Exception <a 'java/lang/NoSuchMethodError': Method sun.misc.Unsafe.defineClass(Ljava/lang/String;[BII)Ljava/lang/Class; name or signature does not match> (0x00000000e0915df8) thrown at [C:\re\workspace\8-2-build-windows-amd64-cygwin\jdk8u60\4407\hotspot\srì¿V‰ç?
Event: 0.735 Thread 0x0000000001f92800 Exception <a 'java/lang/NoSuchMethodError': Method sun.misc.Unsafe.prefetchRead(Ljava/lang/Object;J)V name or signature does not match> (0x00000000e09160e0) thrown at [C:\re\workspace\8-2-build-windows-amd64-cygwin\jdk8u60\4407\hotspot\src\share\vm\prims\j,÷ñèú?
Event: 1.682 Thread 0x0000000001f92800 Exception <a 'java/security/PrivilegedActionException'> (0x00000000e0a6d408) thrown at [C:\re\workspace\8-2-build-windows-amd64-cygwin\jdk8u60\4407\hotspot\src\share\vm\prims\jvm.cpp, line 1386]
Event: 1.682 Thread 0x0000000001f92800 Exception <a 'java/security/PrivilegedActionException'> (0x00000000e0a6d800) thrown at [C:\re\workspace\8-2-build-windows-amd64-cygwin\jdk8u60\4407\hotspot\src\share\vm\prims\jvm.cpp, line 1386]
Event: 1.684 Thread 0x0000000001f92800 Exception <a 'java/security/PrivilegedActionException'> (0x00000000e0a71830) thrown at [C:\re\workspace\8-2-build-windows-amd64-cygwin\jdk8u60\4407\hotspot\src\share\vm\prims\jvm.cpp, line 1386]
Event: 1.684 Thread 0x0000000001f92800 Exception <a 'java/security/PrivilegedActionException'> (0x00000000e0a71c28) thrown at [C:\re\workspace\8-2-build-windows-amd64-cygwin\jdk8u60\4407\hotspot\src\share\vm\prims\jvm.cpp, line 1386]
Event: 2.023 Thread 0x0000000001f92800 Exception <a 'java/security/PrivilegedActionException'> (0x00000000e090b1b8) thrown at [C:\re\workspace\8-2-build-windows-amd64-cygwin\jdk8u60\4407\hotspot\src\share\vm\prims\jvm.cpp, line 1386]
Event: 2.023 Thread 0x0000000001f92800 Exception <a 'java/security/PrivilegedActionException'> (0x00000000e090b5b0) thrown at [C:\re\workspace\8-2-build-windows-amd64-cygwin\jdk8u60\4407\hotspot\src\share\vm\prims\jvm.cpp, line 1386]
Event: 4.257 Thread 0x0000000001f92800 Exception <a 'java/io/FileNotFoundException'> (0x00000000e0b55968) thrown at [C:\re\workspace\8-2-build-windows-amd64-cygwin\jdk8u60\4407\hotspot\src\share\vm\prims\jni.cpp, line 709]
Event: 4.357 Thread 0x0000000001f92800 Exception <a 'java/io/FileNotFoundException'> (0x00000000e0916ea8) thrown at [C:\re\workspace\8-2-build-windows-amd64-cygwin\jdk8u60\4407\hotspot\src\share\vm\prims\jni.cpp, line 709]

Events (10 events):
Event: 4.138 loading class java/io/RandomAccessFile$1
Event: 4.144 loading class java/io/RandomAccessFile$1 done
Event: 4.214 Executing VM operation: ParallelGCFailedAllocation
Event: 4.218 Executing VM operation: ParallelGCFailedAllocation done
Event: 4.257 loading class com/sun/tools/javac/file/JavacFileManager$MissingArchive
Event: 4.257 loading class com/sun/tools/javac/file/JavacFileManager$MissingArchive done
Event: 4.303 Executing VM operation: ParallelGCFailedAllocation
Event: 4.342 Executing VM operation: ParallelGCFailedAllocation done
Event: 4.356 Thread 0x0000000001f92800 DEOPT PACKING pc=0x00000000022a7432 sp=0x0000000001f8e710
Event: 4.356 Thread 0x0000000001f92800 DEOPT UNPACKING pc=0x00000000020d787f sp=0x0000000001f8e538 mode 0


Dynamic libraries:
0x00007ff71f6c0000 - 0x00007ff71f6c7000 	C:\Program Files\Java\jdk1.8.0_60\bin\javac.exe
0x00007ffb02480000 - 0x00007ffb0262c000 	C:\windows\SYSTEM32\ntdll.dll
0x00007ffb00870000 - 0x00007ffb009ae000 	C:\windows\system32\KERNEL32.DLL
0x00007ffafe4b0000 - 0x00007ffafe5c5000 	C:\windows\system32\KERNELBASE.dll
0x0000000058120000 - 0x000000005814f000 	C:\Program Files\Java\jdk1.8.0_60\bin\jli.dll
0x0000000058040000 - 0x0000000058112000 	C:\Program Files\Java\jdk1.8.0_60\bin\MSVCR100.dll
0x00007ffafe870000 - 0x00007ffafe91a000 	C:\windows\system32\ADVAPI32.dll
0x00007ffafc680000 - 0x00007ffafc8fb000 	C:\windows\WinSxS\amd64_microsoft.windows.common-controls_6595b64144ccf1df_6.0.9600.17415_none_6240486fecbd8abb\COMCTL32.dll
0x00007ffb009b0000 - 0x00007ffb00b27000 	C:\windows\system32\USER32.dll
0x00007ffb00b30000 - 0x00007ffb00bda000 	C:\windows\system32\msvcrt.dll
0x00007ffb00d80000 - 0x00007ffb00dd9000 	C:\windows\SYSTEM32\sechost.dll
0x00007ffb00de0000 - 0x00007ffb00f21000 	C:\windows\system32\RPCRT4.dll
0x00007ffafec10000 - 0x00007ffafed61000 	C:\windows\system32\GDI32.dll
0x00007ffafed70000 - 0x00007ffafeda6000 	C:\windows\system32\IMM32.DLL
0x00007ffb00590000 - 0x00007ffb006e3000 	C:\windows\system32\MSCTF.dll
0x00007ffae0a50000 - 0x00007ffae0a82000 	C:\Program Files (x86)\AVG\Av\avghooka.dll
0x0000000056af0000 - 0x0000000056bc2000 	C:\Program Files\Java\jdk1.8.0_60\jre\bin\msvcr100.dll
0x0000000056260000 - 0x0000000056ae9000 	C:\Program Files\Java\jdk1.8.0_60\jre\bin\server\jvm.dll
0x00007ffad6ab0000 - 0x00007ffad6ab9000 	C:\windows\SYSTEM32\WSOCK32.dll
0x00007ffaeee90000 - 0x00007ffaeeeb2000 	C:\windows\SYSTEM32\WINMM.dll
0x00007ffaf7e00000 - 0x00007ffaf7e0a000 	C:\windows\SYSTEM32\VERSION.dll
0x00007ffb01110000 - 0x00007ffb01117000 	C:\windows\system32\PSAPI.DLL
0x00007ffafefd0000 - 0x00007ffaff02a000 	C:\windows\system32\WS2_32.dll
0x00007ffaeee60000 - 0x00007ffaeee8a000 	C:\windows\SYSTEM32\WINMMBASE.dll
0x00007ffb00560000 - 0x00007ffb00569000 	C:\windows\system32\NSI.dll
0x00007ffafe5d0000 - 0x00007ffafe61f000 	C:\windows\SYSTEM32\cfgmgr32.dll
0x00007ffafd0f0000 - 0x00007ffafd118000 	C:\windows\SYSTEM32\DEVOBJ.dll
0x0000000058030000 - 0x000000005803f000 	C:\Program Files\Java\jdk1.8.0_60\jre\bin\verify.dll
0x0000000058000000 - 0x0000000058029000 	C:\Program Files\Java\jdk1.8.0_60\jre\bin\java.dll
0x0000000057fe0000 - 0x0000000057ff6000 	C:\Program Files\Java\jdk1.8.0_60\jre\bin\zip.dll
0x00007ffaff040000 - 0x00007ffb00558000 	C:\windows\system32\SHELL32.dll
0x00007ffafedb0000 - 0x00007ffafefc1000 	C:\windows\SYSTEM32\combase.dll
0x00007ffb01120000 - 0x00007ffb01174000 	C:\windows\system32\SHLWAPI.dll
0x00007ffafcb80000 - 0x00007ffafcc32000 	C:\windows\SYSTEM32\SHCORE.dll
0x00007ffafe2d0000 - 0x00007ffafe2e5000 	C:\windows\SYSTEM32\profapi.dll

VM Arguments:
jvm_args: -Dapplication.home=C:\Program Files\Java\jdk1.8.0_60 -Xms8m 
java_command: com.sun.tools.javac.Main -g -nowarn -d C:\Users\AnaGissel\Documents\MASTER\OPL\Project3\IntroClassJava\dataset\checksum\1\003\src\tmpClasses -cp C:\Users\AnaGissel\Documents\MASTER\OPL\Project3\OPL-ASR\junit\junit-4.8.jar C:\Users\AnaGissel\Documents\MASTER\OPL\Project3\IntroClassJava\dataset\checksum\1\003\src\test\java\introclassJava\checksum_2c155667_003BlackboxTest.java C:\Users\AnaGissel\Documents\MASTER\OPL\Project3\IntroClassJava\dataset\checksum\1\003\src\test\java\introclassJava\checksum_2c155667_003WhiteboxTest.java C:\Users\AnaGissel\Documents\MASTER\OPL\Project3\IntroClassJava\dataset\checksum\1\003\src\main\java\introclassJava\checksum_2c155667_003.java
java_class_path (initial): C:\Program Files\Java\jdk1.8.0_60/lib/tools.jar;C:\Program Files\Java\jdk1.8.0_60/classes
Launcher Type: SUN_STANDARD

Environment Variables:
JAVA_HOME=C:\Program Files\Java\jdk1.8.0_60
PATH=C:\ProgramData\Oracle\Java\javapath;C:\Program Files (x86)\Lenovo\FusionEngine;C:\Program Files (x86)\Intel\iCLS Client\;C:\Program Files\Intel\iCLS Client\;C:\windows\system32;C:\windows;C:\windows\System32\Wbem;C:\windows\System32\WindowsPowerShell\v1.0\;C:\Program Files\Intel\Intel(R) Management Engine Components\DAL;C:\Program Files\Intel\Intel(R) Management Engine Components\IPT;C:\Program Files (x86)\Intel\Intel(R) Management Engine Components\DAL;C:\Program Files (x86)\Intel\Intel(R) Management Engine Components\IPT;C:\Program Files (x86)\Common Files\lenovo\easyplussdk\bin;C:\Program Files (x86)\Brackets\command;C:\Program Files\Microsoft SQL Server\Client SDK\ODBC\110\Tools\Binn\;C:\Program Files (x86)\Microsoft SQL Server\120\Tools\Binn\;C:\Program Files\Microsoft SQL Server\120\Tools\Binn\;C:\Program Files\Microsoft SQL Server\120\DTS\Binn\;C:\Program Files (x86)\Microsoft SQL Server\120\Tools\Binn\ManagementStudio\;C:\Program Files (x86)\Microsoft SQL Server\120\DTS\Binn\;C:\Program Files (x86)\Windows Kits\8.1\Windows Performance Toolkit\;C:\Program Files\Microsoft SQL Server\110\Tools\Binn\;C:\Program Files (x86)\Microsoft SDKs\TypeScript\1.0\;C:\Users\AnaGissel\AppData\Local\Android\sdk;C:\Users\AnaGissel\AppData\Local\Android\sdk\tools;C:\Users\AnaGissel\AppData\Local\Android\sdk\platform-tools;C:\Users\AnaGissel\Documents\apache-maven-3.3.3\bin;C:\Program Files (x86)\nodejs\;C:\Program Files\Java\jdk1.8.0_60\bin;C:\Program Files (x86)\Skype\Phone\;C:\Program Files\Git\bin;C:\Users\AnaGissel\AppData\Roaming\npm;C:\Program Files\Java\jdk1.8.0_60\bin
USERNAME=Ana Gissel
OS=Windows_NT
PROCESSOR_IDENTIFIER=Intel64 Family 6 Model 69 Stepping 1, GenuineIntel



---------------  S Y S T E M  ---------------

OS: Windows 8.1 , 64 bit Build 9600 (6.3.9600.17415)

CPU:total 4 (2 cores per cpu, 2 threads per core) family 6 model 69 stepping 1, cmov, cx8, fxsr, mmx, sse, sse2, sse3, ssse3, sse4.1, sse4.2, popcnt, avx, avx2, aes, clmul, erms, lzcnt, ht, tsc, tscinvbit, bmi1, bmi2

Memory: 4k page, physical 6181144k(864616k free), swap 25055512k(5712k free)

vm_info: Java HotSpot(TM) 64-Bit Server VM (25.60-b23) for windows-amd64 JRE (1.8.0_60-b27), built on Aug  4 2015 11:06:27 by "java_re" with MS VC++ 10.0 (VS2010)

time: Tue Jan 12 13:37:00 2016
elapsed time: 4 seconds (0d 0h 0m 4s)

